2025-08-216 10:23 o.h.validator.internal.util.Version-HV000001: Hibernate Validator 8.0.2.Final
2025-08-216 10:23 c.o.o.OrdersystemApplication-Starting OrdersystemApplication using Java 24.0.1 with PID 10744 (C:\Users\Playdata\Desktop\16기\ordersystem\build\classes\java\main started by Playdata in C:\Users\Playdata\Desktop\16기\ordersystem)
2025-08-216 10:23 c.o.o.OrdersystemApplication-The following 1 profile is active: "prod"
2025-08-216 10:23 o.s.d.r.c.RepositoryConfigurationDelegate-Multiple Spring Data modules found, entering strict repository configuration mode
2025-08-216 10:23 o.s.d.r.c.RepositoryConfigurationDelegate-Bootstrapping Spring Data JPA repositories in DEFAULT mode.
2025-08-216 10:23 o.s.d.r.c.RepositoryConfigurationDelegate-Finished Spring Data repository scanning in 181 ms. Found 4 JPA repository interfaces.
2025-08-216 10:23 o.s.d.r.c.RepositoryConfigurationDelegate-Multiple Spring Data modules found, entering strict repository configuration mode
2025-08-216 10:23 o.s.d.r.c.RepositoryConfigurationDelegate-Bootstrapping Spring Data Redis repositories in DEFAULT mode.
2025-08-216 10:23 o.s.d.r.c.RepositoryConfigurationExtensionSupport-Spring Data Redis - Could not safely identify store assignment for repository candidate interface com.order.ordersystem.member.repository.MemberRepository; If you want this repository to be a Redis repository, consider annotating your entities with one of these annotations: org.springframework.data.redis.core.RedisHash (preferred), or consider extending one of the following types with your repository: org.springframework.data.keyvalue.repository.KeyValueRepository
2025-08-216 10:23 o.s.d.r.c.RepositoryConfigurationExtensionSupport-Spring Data Redis - Could not safely identify store assignment for repository candidate interface com.order.ordersystem.ordering.repository.OrderDetailRepository; If you want this repository to be a Redis repository, consider annotating your entities with one of these annotations: org.springframework.data.redis.core.RedisHash (preferred), or consider extending one of the following types with your repository: org.springframework.data.keyvalue.repository.KeyValueRepository
2025-08-216 10:23 o.s.d.r.c.RepositoryConfigurationExtensionSupport-Spring Data Redis - Could not safely identify store assignment for repository candidate interface com.order.ordersystem.ordering.repository.OrderingRepository; If you want this repository to be a Redis repository, consider annotating your entities with one of these annotations: org.springframework.data.redis.core.RedisHash (preferred), or consider extending one of the following types with your repository: org.springframework.data.keyvalue.repository.KeyValueRepository
2025-08-216 10:23 o.s.d.r.c.RepositoryConfigurationExtensionSupport-Spring Data Redis - Could not safely identify store assignment for repository candidate interface com.order.ordersystem.product.repository.ProductRepository; If you want this repository to be a Redis repository, consider annotating your entities with one of these annotations: org.springframework.data.redis.core.RedisHash (preferred), or consider extending one of the following types with your repository: org.springframework.data.keyvalue.repository.KeyValueRepository
2025-08-216 10:23 o.s.d.r.c.RepositoryConfigurationDelegate-Finished Spring Data repository scanning in 17 ms. Found 0 Redis repository interfaces.
2025-08-216 10:23 o.s.b.w.e.tomcat.TomcatWebServer-Tomcat initialized with port 8080 (http)
2025-08-216 10:23 o.a.coyote.http11.Http11NioProtocol-Initializing ProtocolHandler ["http-nio-8080"]
2025-08-216 10:23 o.a.catalina.core.StandardService-Starting service [Tomcat]
2025-08-216 10:23 o.a.catalina.core.StandardEngine-Starting Servlet engine: [Apache Tomcat/10.1.43]
2025-08-216 10:23 o.a.c.c.C.[Tomcat].[localhost].[/]-Initializing Spring embedded WebApplicationContext
2025-08-216 10:23 o.s.b.w.s.c.ServletWebServerApplicationContext-Root WebApplicationContext: initialization completed in 3521 ms
2025-08-216 10:23 o.h.jpa.internal.util.LogHelper-HHH000204: Processing PersistenceUnitInfo [name: default]
2025-08-216 10:23 org.hibernate.Version-HHH000412: Hibernate ORM core version 6.6.22.Final
2025-08-216 10:23 o.h.c.i.RegionFactoryInitiator-HHH000026: Second-level cache disabled
2025-08-216 10:23 o.s.o.j.p.SpringPersistenceUnitInfo-No LoadTimeWeaver setup: ignoring JPA class transformer
2025-08-216 10:23 com.zaxxer.hikari.HikariDataSource-HikariPool-1 - Starting...
2025-08-216 10:23 com.zaxxer.hikari.pool.HikariPool-HikariPool-1 - Added connection org.mariadb.jdbc.Connection@4ab86b2a
2025-08-216 10:23 com.zaxxer.hikari.HikariDataSource-HikariPool-1 - Start completed.
2025-08-216 10:23 org.hibernate.orm.deprecation-HHH90000025: MariaDBDialect does not need to be specified explicitly using 'hibernate.dialect' (remove the property setting and it will be selected by default)
2025-08-216 10:23 o.hibernate.orm.connections.pooling-HHH10001005: Database info:
	Database JDBC URL [Connecting through datasource 'HikariDataSource (HikariPool-1)']
	Database driver: undefined/unknown
	Database version: 11.7.2
	Autocommit mode: undefined/unknown
	Isolation level: undefined/unknown
	Minimum pool size: undefined/unknown
	Maximum pool size: undefined/unknown
2025-08-216 10:23 o.h.e.t.j.p.i.JtaPlatformInitiator-HHH000489: No JTA platform available (set 'hibernate.transaction.jta.platform' to enable JTA platform integration)
2025-08-216 10:23 o.s.o.j.LocalContainerEntityManagerFactoryBean-Initialized JPA EntityManagerFactory for persistence unit 'default'
2025-08-216 10:23 o.s.b.a.o.j.JpaBaseConfiguration$JpaWebConfiguration-spring.jpa.open-in-view is enabled by default. Therefore, database queries may be performed during view rendering. Explicitly configure spring.jpa.open-in-view to disable this warning
2025-08-216 10:23 o.s.b.a.s.s.UserDetailsServiceAutoConfiguration-

Using generated security password: 31b0a6e2-543f-41c9-ac3a-8a064555b61b

This generated password is for development use only. Your security configuration must be updated before running your application in production.

2025-08-216 10:23 o.s.s.c.a.a.c.InitializeUserDetailsBeanManagerConfigurer$InitializeUserDetailsManagerConfigurer-Global AuthenticationManager configured with UserDetailsService bean with name inMemoryUserDetailsManager
2025-08-216 10:23 o.a.coyote.http11.Http11NioProtocol-Starting ProtocolHandler ["http-nio-8080"]
2025-08-216 10:23 o.s.b.w.e.tomcat.TomcatWebServer-Tomcat started on port 8080 (http) with context path '/'
2025-08-216 10:23 o.s.a.r.c.CachingConnectionFactory-Attempting to connect to: localhost:5672
2025-08-216 10:23 o.s.a.r.c.CachingConnectionFactory-Created new connection: connectionFactory#66e5441e:0/SimpleConnection@13095872 [delegate=amqp://guest@127.0.0.1:5672/, localPort=11907]
2025-08-216 10:23 c.o.o.OrdersystemApplication-Started OrdersystemApplication in 10.852 seconds (process running for 11.691)
2025-08-216 10:24 o.a.c.c.C.[Tomcat].[localhost].[/]-Initializing Spring DispatcherServlet 'dispatcherServlet'
2025-08-216 10:24 o.s.web.servlet.DispatcherServlet-Initializing Servlet 'dispatcherServlet'
2025-08-216 10:24 o.s.web.servlet.DispatcherServlet-Completed initialization in 1 ms
2025-08-216 10:24 o.s.d.w.c.SpringDataJacksonConfiguration$PageModule$WarningLoggingModifier-Serializing PageImpl instances as-is is not supported, meaning that there is no guarantee about the stability of the resulting JSON structure!
	For a stable JSON structure, please use Spring Data's PagedModel (globally via @EnableSpringDataWebSupport(pageSerializationMode = VIA_DTO))
	or Spring HATEOAS and Spring Data's PagedResourcesAssembler as documented in https://docs.spring.io/spring-data/commons/reference/repositories/core-extensions.html#core.web.pageables.

2025-08-216 10:25 c.o.o.c.s.CommonExceptionHandler-해당 물건이 존재하지 않습니다.
2025-08-216 10:25 o.h.validator.internal.util.Version-HV000001: Hibernate Validator 8.0.2.Final
2025-08-216 10:25 c.o.o.OrdersystemApplication-Starting OrdersystemApplication using Java 24.0.1 with PID 38152 (C:\Users\Playdata\Desktop\16기\ordersystem\build\classes\java\main started by Playdata in C:\Users\Playdata\Desktop\16기\ordersystem)
2025-08-216 10:25 c.o.o.OrdersystemApplication-The following 1 profile is active: "prod"
2025-08-216 10:25 o.s.d.r.c.RepositoryConfigurationDelegate-Multiple Spring Data modules found, entering strict repository configuration mode
2025-08-216 10:25 o.s.d.r.c.RepositoryConfigurationDelegate-Bootstrapping Spring Data JPA repositories in DEFAULT mode.
2025-08-216 10:25 o.s.d.r.c.RepositoryConfigurationDelegate-Finished Spring Data repository scanning in 162 ms. Found 4 JPA repository interfaces.
2025-08-216 10:25 o.s.d.r.c.RepositoryConfigurationDelegate-Multiple Spring Data modules found, entering strict repository configuration mode
2025-08-216 10:25 o.s.d.r.c.RepositoryConfigurationDelegate-Bootstrapping Spring Data Redis repositories in DEFAULT mode.
2025-08-216 10:25 o.s.d.r.c.RepositoryConfigurationExtensionSupport-Spring Data Redis - Could not safely identify store assignment for repository candidate interface com.order.ordersystem.member.repository.MemberRepository; If you want this repository to be a Redis repository, consider annotating your entities with one of these annotations: org.springframework.data.redis.core.RedisHash (preferred), or consider extending one of the following types with your repository: org.springframework.data.keyvalue.repository.KeyValueRepository
2025-08-216 10:25 o.s.d.r.c.RepositoryConfigurationExtensionSupport-Spring Data Redis - Could not safely identify store assignment for repository candidate interface com.order.ordersystem.ordering.repository.OrderDetailRepository; If you want this repository to be a Redis repository, consider annotating your entities with one of these annotations: org.springframework.data.redis.core.RedisHash (preferred), or consider extending one of the following types with your repository: org.springframework.data.keyvalue.repository.KeyValueRepository
2025-08-216 10:25 o.s.d.r.c.RepositoryConfigurationExtensionSupport-Spring Data Redis - Could not safely identify store assignment for repository candidate interface com.order.ordersystem.ordering.repository.OrderingRepository; If you want this repository to be a Redis repository, consider annotating your entities with one of these annotations: org.springframework.data.redis.core.RedisHash (preferred), or consider extending one of the following types with your repository: org.springframework.data.keyvalue.repository.KeyValueRepository
2025-08-216 10:25 o.s.d.r.c.RepositoryConfigurationExtensionSupport-Spring Data Redis - Could not safely identify store assignment for repository candidate interface com.order.ordersystem.product.repository.ProductRepository; If you want this repository to be a Redis repository, consider annotating your entities with one of these annotations: org.springframework.data.redis.core.RedisHash (preferred), or consider extending one of the following types with your repository: org.springframework.data.keyvalue.repository.KeyValueRepository
2025-08-216 10:25 o.s.d.r.c.RepositoryConfigurationDelegate-Finished Spring Data repository scanning in 15 ms. Found 0 Redis repository interfaces.
2025-08-216 10:25 o.s.b.w.e.tomcat.TomcatWebServer-Tomcat initialized with port 8080 (http)
2025-08-216 10:25 o.a.coyote.http11.Http11NioProtocol-Initializing ProtocolHandler ["http-nio-8080"]
2025-08-216 10:25 o.a.catalina.core.StandardService-Starting service [Tomcat]
2025-08-216 10:25 o.a.catalina.core.StandardEngine-Starting Servlet engine: [Apache Tomcat/10.1.43]
2025-08-216 10:25 o.a.c.c.C.[Tomcat].[localhost].[/]-Initializing Spring embedded WebApplicationContext
2025-08-216 10:25 o.s.b.w.s.c.ServletWebServerApplicationContext-Root WebApplicationContext: initialization completed in 2470 ms
2025-08-216 10:25 o.h.jpa.internal.util.LogHelper-HHH000204: Processing PersistenceUnitInfo [name: default]
2025-08-216 10:25 org.hibernate.Version-HHH000412: Hibernate ORM core version 6.6.22.Final
2025-08-216 10:25 o.h.c.i.RegionFactoryInitiator-HHH000026: Second-level cache disabled
2025-08-216 10:25 o.s.o.j.p.SpringPersistenceUnitInfo-No LoadTimeWeaver setup: ignoring JPA class transformer
2025-08-216 10:25 com.zaxxer.hikari.HikariDataSource-HikariPool-1 - Starting...
2025-08-216 10:25 com.zaxxer.hikari.pool.HikariPool-HikariPool-1 - Added connection org.mariadb.jdbc.Connection@77d959f1
2025-08-216 10:25 com.zaxxer.hikari.HikariDataSource-HikariPool-1 - Start completed.
2025-08-216 10:25 org.hibernate.orm.deprecation-HHH90000025: MariaDBDialect does not need to be specified explicitly using 'hibernate.dialect' (remove the property setting and it will be selected by default)
2025-08-216 10:25 o.hibernate.orm.connections.pooling-HHH10001005: Database info:
	Database JDBC URL [Connecting through datasource 'HikariDataSource (HikariPool-1)']
	Database driver: undefined/unknown
	Database version: 11.7.2
	Autocommit mode: undefined/unknown
	Isolation level: undefined/unknown
	Minimum pool size: undefined/unknown
	Maximum pool size: undefined/unknown
2025-08-216 10:25 o.h.e.t.j.p.i.JtaPlatformInitiator-HHH000489: No JTA platform available (set 'hibernate.transaction.jta.platform' to enable JTA platform integration)
2025-08-216 10:25 o.s.o.j.LocalContainerEntityManagerFactoryBean-Initialized JPA EntityManagerFactory for persistence unit 'default'
2025-08-216 10:25 o.s.b.a.o.j.JpaBaseConfiguration$JpaWebConfiguration-spring.jpa.open-in-view is enabled by default. Therefore, database queries may be performed during view rendering. Explicitly configure spring.jpa.open-in-view to disable this warning
2025-08-216 10:25 o.s.b.a.s.s.UserDetailsServiceAutoConfiguration-

Using generated security password: a36c14d4-445a-4c68-9789-1a375ee22a87

This generated password is for development use only. Your security configuration must be updated before running your application in production.

2025-08-216 10:25 o.s.s.c.a.a.c.InitializeUserDetailsBeanManagerConfigurer$InitializeUserDetailsManagerConfigurer-Global AuthenticationManager configured with UserDetailsService bean with name inMemoryUserDetailsManager
2025-08-216 10:25 o.a.coyote.http11.Http11NioProtocol-Starting ProtocolHandler ["http-nio-8080"]
2025-08-216 10:25 o.s.b.w.e.tomcat.TomcatWebServer-Tomcat started on port 8080 (http) with context path '/'
2025-08-216 10:25 o.s.a.r.c.CachingConnectionFactory-Attempting to connect to: localhost:5672
2025-08-216 10:25 o.s.a.r.c.CachingConnectionFactory-Created new connection: connectionFactory#2f271ae2:0/SimpleConnection@75643efa [delegate=amqp://guest@127.0.0.1:5672/, localPort=12069]
2025-08-216 10:25 c.o.o.OrdersystemApplication-Started OrdersystemApplication in 7.835 seconds (process running for 8.569)
2025-08-216 10:26 o.a.c.c.C.[Tomcat].[localhost].[/]-Initializing Spring DispatcherServlet 'dispatcherServlet'
2025-08-216 10:26 o.s.web.servlet.DispatcherServlet-Initializing Servlet 'dispatcherServlet'
2025-08-216 10:26 o.s.web.servlet.DispatcherServlet-Completed initialization in 1 ms
2025-08-216 10:26 o.s.api.AbstractOpenApiResource-Init duration for springdoc-openapi is: 320 ms
